2021-05-21 10:53:19 0 [Note] InnoDB: Uses event mutexes
2021-05-21 10:53:19 0 [Note] InnoDB: Compressed tables use zlib 1.2.11
2021-05-21 10:53:19 0 [Note] InnoDB: Number of pools: 1
2021-05-21 10:53:19 0 [Note] InnoDB: Using crc32 + pclmulqdq instructions
2021-05-21 10:53:19 0 [Note] InnoDB: Initializing buffer pool, total size = 2147483648, chunk size = 134217728
2021-05-21 10:53:19 0 [Note] InnoDB: Completed initialization of buffer pool
2021-05-21 10:53:19 0 [Note] InnoDB: 128 rollback segments are active.
2021-05-21 10:53:19 0 [Note] InnoDB: Creating shared tablespace for temporary tables
2021-05-21 10:53:19 0 [Note] InnoDB: Setting file '.\ibtmp1' size to 12 MB. Physically writing the file full; Please wait ...
2021-05-21 10:53:19 0 [Note] InnoDB: File '.\ibtmp1' size is now 12 MB.
2021-05-21 10:53:19 0 [Note] InnoDB: 10.5.10 started; log sequence number 45106; transaction id 20
2021-05-21 10:53:19 0 [Note] Plugin 'FEEDBACK' is disabled.
2021-05-21 10:53:19 0 [Note] InnoDB: Loading buffer pool(s) from C:\Program Files\MariaDB 10.5\data\ib_buffer_pool
2021-05-21 10:53:19 0 [Note] Server socket created on IP: '::'.
2021-05-21 10:53:19 0 [Note] InnoDB: Buffer pool(s) load completed at 210521 10:53:19
2021-05-21 10:53:19 0 [Note] Reading of all Master_info entries succeeded
2021-05-21 10:53:19 0 [Note] Added new Master_info '' to hash table
2021-05-21 10:53:19 0 [Note] C:\Program Files\MariaDB 10.5\bin\mysqld.exe: ready for connections.
Version: '10.5.10-MariaDB'  socket: ''  port: 3307  mariadb.org binary distribution
2021-05-21 11:10:13 5 [Warning] Access denied for user 'root'@'localhost' (using password: NO)
2021-05-21 16:04:57 6 [Warning] Aborted connection 6 to db: 'mydb' user: 'root' host: 'localhost' (Got an error reading communication packets)
2021-05-21 16:21:48 7 [Warning] Aborted connection 7 to db: 'mydb' user: 'root' host: 'localhost' (Got an error reading communication packets)
2021-05-21 16:21:53 3 [Warning] Aborted connection 3 to db: 'mydb' user: 'root' host: 'localhost' (Got an error reading communication packets)
2021-05-21 16:43:02 9 [Warning] Aborted connection 9 to db: 'mydb' user: 'root' host: 'localhost' (Got an error reading communication packets)
2021-05-21 18:40:53 13 [Warning] Aborted connection 13 to db: 'mydb' user: 'root' host: 'localhost' (Got an error reading communication packets)
2021-05-21 19:27:26 8 [Warning] Aborted connection 8 to db: 'mydb' user: 'root' host: 'localhost' (Got an error reading communication packets)
2021-05-21 21:34:39 19 [Warning] Aborted connection 19 to db: 'mydb' user: 'root' host: 'localhost' (Got an error reading communication packets)
2021-05-21 22:22:10 24 [Warning] Aborted connection 24 to db: 'mydb' user: 'root' host: 'localhost' (Got an error reading communication packets)
2021-05-21 22:22:49 25 [Warning] Access denied for user 'root'@'localhost' (using password: NO)
2021-05-21 23:47:44 44 [Warning] Aborted connection 44 to db: 'mydb' user: 'root' host: 'localhost' (Got an error reading communication packets)
2021-05-21 23:47:44 37 [Warning] Aborted connection 37 to db: 'mydb' user: 'root' host: 'localhost' (Got an error reading communication packets)
2021-05-21 23:47:44 43 [Warning] Aborted connection 43 to db: 'mydb' user: 'root' host: 'localhost' (Got an error reading communication packets)
2021-05-21 23:47:44 42 [Warning] Aborted connection 42 to db: 'mydb' user: 'root' host: 'localhost' (Got an error reading communication packets)
2021-05-21 23:47:44 45 [Warning] Aborted connection 45 to db: 'mydb' user: 'root' host: 'localhost' (Got an error reading communication packets)
2021-05-21 23:47:44 38 [Warning] Aborted connection 38 to db: 'mydb' user: 'root' host: 'localhost' (Got an error reading communication packets)
2021-05-21 23:47:44 41 [Warning] Aborted connection 41 to db: 'mydb' user: 'root' host: 'localhost' (Got an error reading communication packets)
2021-05-21 23:47:44 39 [Warning] Aborted connection 39 to db: 'mydb' user: 'root' host: 'localhost' (Got an error reading communication packets)
2021-05-21 23:47:44 36 [Warning] Aborted connection 36 to db: 'mydb' user: 'root' host: 'localhost' (Got an error reading communication packets)
2021-05-21 23:47:44 40 [Warning] Aborted connection 40 to db: 'mydb' user: 'root' host: 'localhost' (Got an error reading communication packets)
2021-05-21 23:56:43 56 [Warning] Aborted connection 56 to db: 'mydb' user: 'root' host: 'localhost' (Got an error reading communication packets)
2021-05-21 23:56:43 57 [Warning] Aborted connection 57 to db: 'mydb' user: 'root' host: 'localhost' (Got an error reading communication packets)
2021-05-21 23:56:43 62 [Warning] Aborted connection 62 to db: 'mydb' user: 'root' host: 'localhost' (Got an error reading communication packets)
2021-05-21 23:56:43 60 [Warning] Aborted connection 60 to db: 'mydb' user: 'root' host: 'localhost' (Got an error reading communication packets)
2021-05-21 23:56:43 61 [Warning] Aborted connection 61 to db: 'mydb' user: 'root' host: 'localhost' (Got an error reading communication packets)
2021-05-21 23:56:43 58 [Warning] Aborted connection 58 to db: 'mydb' user: 'root' host: 'localhost' (Got an error reading communication packets)
2021-05-21 23:56:43 59 [Warning] Aborted connection 59 to db: 'mydb' user: 'root' host: 'localhost' (Got an error reading communication packets)
2021-05-21 23:56:43 63 [Warning] Aborted connection 63 to db: 'mydb' user: 'root' host: 'localhost' (Got an error reading communication packets)
2021-05-21 23:56:43 65 [Warning] Aborted connection 65 to db: 'mydb' user: 'root' host: 'localhost' (Got an error reading communication packets)
2021-05-21 23:56:43 64 [Warning] Aborted connection 64 to db: 'mydb' user: 'root' host: 'localhost' (Got an error reading communication packets)
2021-05-22  0:02:41 78 [Warning] Aborted connection 78 to db: 'mydb' user: 'root' host: 'localhost' (Got an error reading communication packets)
2021-05-22  0:02:41 79 [Warning] Aborted connection 79 to db: 'mydb' user: 'root' host: 'localhost' (Got an error reading communication packets)
2021-05-22  0:02:41 81 [Warning] Aborted connection 81 to db: 'mydb' user: 'root' host: 'localhost' (Got an error reading communication packets)
2021-05-22  0:02:41 80 [Warning] Aborted connection 80 to db: 'mydb' user: 'root' host: 'localhost' (Got an error reading communication packets)
2021-05-22  0:02:41 82 [Warning] Aborted connection 82 to db: 'mydb' user: 'root' host: 'localhost' (Got an error reading communication packets)
2021-05-22  0:02:41 84 [Warning] Aborted connection 84 to db: 'mydb' user: 'root' host: 'localhost' (Got an error reading communication packets)
2021-05-22  0:02:41 85 [Warning] Aborted connection 85 to db: 'mydb' user: 'root' host: 'localhost' (Got an error reading communication packets)
2021-05-22  0:02:41 83 [Warning] Aborted connection 83 to db: 'mydb' user: 'root' host: 'localhost' (Got an error reading communication packets)
2021-05-22  0:02:41 86 [Warning] Aborted connection 86 to db: 'mydb' user: 'root' host: 'localhost' (Got an error reading communication packets)
2021-05-22  0:02:41 87 [Warning] Aborted connection 87 to db: 'mydb' user: 'root' host: 'localhost' (Got an error reading communication packets)
2021-05-22  0:08:29 88 [Warning] Aborted connection 88 to db: 'mydb' user: 'root' host: 'localhost' (Got an error reading communication packets)
2021-05-22  0:08:29 89 [Warning] Aborted connection 89 to db: 'mydb' user: 'root' host: 'localhost' (Got an error reading communication packets)
2021-05-22  0:08:29 90 [Warning] Aborted connection 90 to db: 'mydb' user: 'root' host: 'localhost' (Got an error reading communication packets)
2021-05-22  0:08:29 92 [Warning] Aborted connection 92 to db: 'mydb' user: 'root' host: 'localhost' (Got an error reading communication packets)
2021-05-22  0:08:29 91 [Warning] Aborted connection 91 to db: 'mydb' user: 'root' host: 'localhost' (Got an error reading communication packets)
2021-05-22  0:08:29 94 [Warning] Aborted connection 94 to db: 'mydb' user: 'root' host: 'localhost' (Got an error reading communication packets)
2021-05-22  0:08:29 95 [Warning] Aborted connection 95 to db: 'mydb' user: 'root' host: 'localhost' (Got an error reading communication packets)
2021-05-22  0:08:29 93 [Warning] Aborted connection 93 to db: 'mydb' user: 'root' host: 'localhost' (Got an error reading communication packets)
2021-05-22  0:08:29 96 [Warning] Aborted connection 96 to db: 'mydb' user: 'root' host: 'localhost' (Got an error reading communication packets)
2021-05-22  0:08:29 97 [Warning] Aborted connection 97 to db: 'mydb' user: 'root' host: 'localhost' (Got an error reading communication packets)
2021-05-22  0:19:49 98 [Warning] Aborted connection 98 to db: 'mydb' user: 'root' host: 'localhost' (Got an error reading communication packets)
2021-05-22  0:19:49 99 [Warning] Aborted connection 99 to db: 'mydb' user: 'root' host: 'localhost' (Got an error reading communication packets)
2021-05-22  0:19:49 100 [Warning] Aborted connection 100 to db: 'mydb' user: 'root' host: 'localhost' (Got an error reading communication packets)
2021-05-22  0:19:49 102 [Warning] Aborted connection 102 to db: 'mydb' user: 'root' host: 'localhost' (Got an error reading communication packets)
2021-05-22  0:19:49 101 [Warning] Aborted connection 101 to db: 'mydb' user: 'root' host: 'localhost' (Got an error reading communication packets)
2021-05-22  0:19:49 103 [Warning] Aborted connection 103 to db: 'mydb' user: 'root' host: 'localhost' (Got an error reading communication packets)
2021-05-22  0:19:49 104 [Warning] Aborted connection 104 to db: 'mydb' user: 'root' host: 'localhost' (Got an error reading communication packets)
2021-05-22  0:19:49 105 [Warning] Aborted connection 105 to db: 'mydb' user: 'root' host: 'localhost' (Got an error reading communication packets)
2021-05-22  0:19:49 107 [Warning] Aborted connection 107 to db: 'mydb' user: 'root' host: 'localhost' (Got an error reading communication packets)
2021-05-22  0:19:49 106 [Warning] Aborted connection 106 to db: 'mydb' user: 'root' host: 'localhost' (Got an error reading communication packets)
2021-05-22  1:08:10 14 [Warning] Aborted connection 14 to db: 'mydb' user: 'root' host: 'localhost' (Got an error reading communication packets)
2021-05-22  1:08:25 20 [Warning] Aborted connection 20 to db: 'mydb' user: 'root' host: 'localhost' (Got an error reading communication packets)
2021-05-22  1:08:25 76 [Warning] Aborted connection 76 to db: 'mydb' user: 'root' host: 'localhost' (Got an error reading communication packets)
2021-05-22  1:08:25 18 [Warning] Aborted connection 18 to db: 'mydb' user: 'root' host: 'localhost' (Got an error reading communication packets)
2021-05-22  1:08:25 22 [Warning] Aborted connection 22 to db: 'mydb' user: 'root' host: 'localhost' (Got an error reading communication packets)
2021-05-22  1:08:38 127 [Warning] Aborted connection 127 to db: 'mydb' user: 'root' host: 'localhost' (Got an error reading communication packets)
2021-05-22  1:08:38 119 [Warning] Aborted connection 119 to db: 'mydb' user: 'root' host: 'localhost' (Got an error reading communication packets)
2021-05-22  1:08:38 121 [Warning] Aborted connection 121 to db: 'mydb' user: 'root' host: 'localhost' (Got an error reading communication packets)
2021-05-22  1:08:38 125 [Warning] Aborted connection 125 to db: 'mydb' user: 'root' host: 'localhost' (Got an error reading communication packets)
2021-05-22  1:08:38 123 [Warning] Aborted connection 123 to db: 'mydb' user: 'root' host: 'localhost' (Got an error reading communication packets)
2021-05-22  1:08:38 120 [Warning] Aborted connection 120 to db: 'mydb' user: 'root' host: 'localhost' (Got an error reading communication packets)
2021-05-22  1:08:38 126 [Warning] Aborted connection 126 to db: 'mydb' user: 'root' host: 'localhost' (Got an error reading communication packets)
2021-05-22  1:08:38 118 [Warning] Aborted connection 118 to db: 'mydb' user: 'root' host: 'localhost' (Got an error reading communication packets)
2021-05-22  1:08:38 124 [Warning] Aborted connection 124 to db: 'mydb' user: 'root' host: 'localhost' (Got an error reading communication packets)
2021-05-22  1:08:38 122 [Warning] Aborted connection 122 to db: 'mydb' user: 'root' host: 'localhost' (Got an error reading communication packets)
2021-05-22 11:21:26 131 [Warning] Aborted connection 131 to db: 'mydb' user: 'root' host: 'localhost' (Got an error reading communication packets)
2021-05-22 11:21:26 130 [Warning] Aborted connection 130 to db: 'mydb' user: 'root' host: 'localhost' (Got an error reading communication packets)
2021-05-22 11:21:26 128 [Warning] Aborted connection 128 to db: 'mydb' user: 'root' host: 'localhost' (Got an error reading communication packets)
2021-05-22 11:21:26 129 [Warning] Aborted connection 129 to db: 'mydb' user: 'root' host: 'localhost' (Got an error reading communication packets)
2021-05-22 11:21:26 132 [Warning] Aborted connection 132 to db: 'mydb' user: 'root' host: 'localhost' (Got an error reading communication packets)
2021-05-22 11:21:26 135 [Warning] Aborted connection 135 to db: 'mydb' user: 'root' host: 'localhost' (Got an error reading communication packets)
2021-05-22 11:21:26 134 [Warning] Aborted connection 134 to db: 'mydb' user: 'root' host: 'localhost' (Got an error reading communication packets)
2021-05-22 11:21:26 133 [Warning] Aborted connection 133 to db: 'mydb' user: 'root' host: 'localhost' (Got an error reading communication packets)
2021-05-22 11:21:26 137 [Warning] Aborted connection 137 to db: 'mydb' user: 'root' host: 'localhost' (Got an error reading communication packets)
2021-05-22 11:21:26 136 [Warning] Aborted connection 136 to db: 'mydb' user: 'root' host: 'localhost' (Got an error reading communication packets)
